<?xml version="1.0" encoding="UTF-8"?>
<!-- Generated by org.testng.reporters.JUnitReportReporter -->
<testsuite hostname="Fahris-MBP" failures="0" tests="1" name="test01.APITest" time="8.320" errors="0" timestamp="2022-08-29T02:55:46 EDT" skipped="0">
  <testcase classname="test01.APITest" name="getApiKey" time="8.320"/>
  <system-out/>
</testsuite> <!-- test01.APITest -->
